[22-May-2018 12:09:54 UTC] PHP Warning:  require(/home/upurekac/public_html/complete-projects/Tasherti/bootstrap/../vendor/autoload.php): failed to open stream: No such file or directory in /home/upurekac/public_html/complete-projects/Tasherti/bootstrap/autoload.php on line 17
[22-May-2018 12:09:54 UTC] PHP Warning:  require(/home/upurekac/public_html/complete-projects/Tasherti/bootstrap/../vendor/autoload.php): failed to open stream: No such file or directory in /home/upurekac/public_html/complete-projects/Tasherti/bootstrap/autoload.php on line 17
[22-May-2018 12:09:54 UTC] PHP Fatal error:  require(): Failed opening required '/home/upurekac/public_html/complete-projects/Tasherti/bootstrap/../vendor/autoload.php' (include_path='.:/opt/alt/php71/usr/share/pear') in /home/upurekac/public_html/complete-projects/Tasherti/bootstrap/autoload.php on line 17
[22-May-2018 12:20:53 UTC] PHP Warning:  require(/home/upurekac/public_html/complete-projects/Tasherti/bootstrap/../vendor/autoload.php): failed to open stream: No such file or directory in /home/upurekac/public_html/complete-projects/Tasherti/bootstrap/autoload.php on line 17
[22-May-2018 12:20:53 UTC] PHP Warning:  require(/home/upurekac/public_html/complete-projects/Tasherti/bootstrap/../vendor/autoload.php): failed to open stream: No such file or directory in /home/upurekac/public_html/complete-projects/Tasherti/bootstrap/autoload.php on line 17
[22-May-2018 12:20:53 UTC] PHP Fatal error:  require(): Failed opening required '/home/upurekac/public_html/complete-projects/Tasherti/bootstrap/../vendor/autoload.php' (include_path='.:/opt/alt/php71/usr/share/pear') in /home/upurekac/public_html/complete-projects/Tasherti/bootstrap/autoload.php on line 17
[22-May-2018 12:20:56 UTC] PHP Warning:  require(/home/upurekac/public_html/complete-projects/Tasherti/bootstrap/../vendor/autoload.php): failed to open stream: No such file or directory in /home/upurekac/public_html/complete-projects/Tasherti/bootstrap/autoload.php on line 17
[22-May-2018 12:20:56 UTC] PHP Warning:  require(/home/upurekac/public_html/complete-projects/Tasherti/bootstrap/../vendor/autoload.php): failed to open stream: No such file or directory in /home/upurekac/public_html/complete-projects/Tasherti/bootstrap/autoload.php on line 17
[22-May-2018 12:20:56 UTC] PHP Fatal error:  require(): Failed opening required '/home/upurekac/public_html/complete-projects/Tasherti/bootstrap/../vendor/autoload.php' (include_path='.:/opt/alt/php71/usr/share/pear') in /home/upurekac/public_html/complete-projects/Tasherti/bootstrap/autoload.php on line 17
[24-May-2018 12:04:25 UTC] PHP Fatal error:  Uncaught ErrorException: Object of class Stevebauman\Location\Position could not be converted to string in /home/upurekac/public_html/complete-projects/Tasherti/app/Http/Controllers/Site/HomeController.php:30
Stack trace:
#0 /home/upurekac/public_html/complete-projects/Tasherti/app/Http/Controllers/Site/HomeController.php(30): Illuminate\Foundation\Bootstrap\HandleExceptions->handleError(4096, 'Object of class...', '/home/upurekac/...', 30, Array)
#1 [internal function]: App\Http\Controllers\Site\HomeController->getIndex()
#2 /home/upurekac/public_html/complete-projects/Tasherti/vendor/laravel/framework/src/Illuminate/Routing/Controller.php(54): call_user_func_array(Array, Array)
#3 /home/upurekac/public_html/complete-projects/Tasherti/vendor/laravel/framework/src/Illuminate/Routing/ControllerDispatcher.php(45): Illuminate\Routing\Controller->callAction('getIndex', Array)
#4 /home/upurekac/public_html/complete-projects/Tasherti/vendor/laravel/framework/src/Illuminate/Routing/Route.php(212): Illuminate\Routing in /home/upurekac/public_html/complete-projects/Tasherti/app/Http/Controllers/Site/HomeController.php on line 30
[24-May-2018 12:04:53 UTC] PHP Fatal error:  Uncaught ErrorException: Object of class Stevebauman\Location\Position could not be converted to string in /home/upurekac/public_html/complete-projects/Tasherti/app/Http/Controllers/Site/HomeController.php:30
Stack trace:
#0 /home/upurekac/public_html/complete-projects/Tasherti/app/Http/Controllers/Site/HomeController.php(30): Illuminate\Foundation\Bootstrap\HandleExceptions->handleError(4096, 'Object of class...', '/home/upurekac/...', 30, Array)
#1 [internal function]: App\Http\Controllers\Site\HomeController->getIndex()
#2 /home/upurekac/public_html/complete-projects/Tasherti/vendor/laravel/framework/src/Illuminate/Routing/Controller.php(54): call_user_func_array(Array, Array)
#3 /home/upurekac/public_html/complete-projects/Tasherti/vendor/laravel/framework/src/Illuminate/Routing/ControllerDispatcher.php(45): Illuminate\Routing\Controller->callAction('getIndex', Array)
#4 /home/upurekac/public_html/complete-projects/Tasherti/vendor/laravel/framework/src/Illuminate/Routing/Route.php(212): Illuminate\Routing in /home/upurekac/public_html/complete-projects/Tasherti/app/Http/Controllers/Site/HomeController.php on line 30
